2019-03-11 09:28:32 上午 [Thread: main][ Class:org.springframework.test.context.support.DefaultTestContextBootstrapper >> Method: org.springframework.test.context.support.AbstractTestContextBootstrapper.getDefaultTestExecutionListenerClassNames(AbstractTestContextBootstrapper.java:248) ]
INFO:Loaded default TestExecutionListener class names from location [META-INF/spring.factories]: [org.springframework.test.context.web.ServletTestExecutionListener, org.springframework.test.context.support.DirtiesContextBeforeModesTestExecutionListener, org.springframework.test.context.support.DependencyInjectionTestExecutionListener, org.springframework.test.context.support.DirtiesContextTestExecutionListener, org.springframework.test.context.transaction.TransactionalTestExecutionListener, org.springframework.test.context.jdbc.SqlScriptsTestExecutionListener]
2019-03-11 09:28:32 上午 [Thread: main][ Class:org.springframework.test.context.support.DefaultTestContextBootstrapper >> Method: org.springframework.test.context.support.AbstractTestContextBootstrapper.getTestExecutionListeners(AbstractTestContextBootstrapper.java:174) ]
INFO:Using TestExecutionListeners: [org.springframework.test.context.web.ServletTestExecutionListener@16daece7, org.springframework.test.context.support.DirtiesContextBeforeModesTestExecutionListener@7ef73d69, org.springframework.test.context.support.DependencyInjectionTestExecutionListener@19e0f99e, org.springframework.test.context.support.DirtiesContextTestExecutionListener@1240158, org.springframework.test.context.transaction.TransactionalTestExecutionListener@62d438fd, org.springframework.test.context.jdbc.SqlScriptsTestExecutionListener@5ae99cbb]
2019-03-11 09:28:32 上午 [Thread: main][ Class:org.springframework.beans.factory.xml.XmlBeanDefinitionReader >> Method: org.springframework.beans.factory.xml.XmlBeanDefinitionReader.loadBeanDefinitions(XmlBeanDefinitionReader.java:317) ]
INFO:Loading XML bean definitions from class path resource [applicationContext.xml]
2019-03-11 09:28:32 上午 [Thread: main][ Class:org.springframework.context.support.GenericApplicationContext >> Method: org.springframework.context.support.AbstractApplicationContext.prepareRefresh(AbstractApplicationContext.java:583) ]
INFO:Refreshing org.springframework.context.support.GenericApplicationContext@7e0ef515: startup date [Mon Mar 11 09:28:32 CST 2019]; root of context hierarchy
2019-03-11 09:28:33 上午 [Thread: main][ Class:org.springframework.jdbc.datasource.DriverManagerDataSource >> Method: org.springframework.jdbc.datasource.DriverManagerDataSource.setDriverClassName(DriverManagerDataSource.java:133) ]
INFO:Loaded JDBC driver: com.mysql.jdbc.Driver
2019-03-11 09:28:34 上午 [Thread: Thread-0][ Class:org.springframework.context.support.GenericApplicationContext >> Method: org.springframework.context.support.AbstractApplicationContext.doClose(AbstractApplicationContext.java:984) ]
INFO:Closing org.springframework.context.support.GenericApplicationContext@7e0ef515: startup date [Mon Mar 11 09:28:32 CST 2019]; root of context hierarchy
2019-03-11 09:30:12 上午 [Thread: main][ Class:org.springframework.test.context.support.DefaultTestContextBootstrapper >> Method: org.springframework.test.context.support.AbstractTestContextBootstrapper.getDefaultTestExecutionListenerClassNames(AbstractTestContextBootstrapper.java:248) ]
INFO:Loaded default TestExecutionListener class names from location [META-INF/spring.factories]: [org.springframework.test.context.web.ServletTestExecutionListener, org.springframework.test.context.support.DirtiesContextBeforeModesTestExecutionListener, org.springframework.test.context.support.DependencyInjectionTestExecutionListener, org.springframework.test.context.support.DirtiesContextTestExecutionListener, org.springframework.test.context.transaction.TransactionalTestExecutionListener, org.springframework.test.context.jdbc.SqlScriptsTestExecutionListener]
2019-03-11 09:30:12 上午 [Thread: main][ Class:org.springframework.test.context.support.DefaultTestContextBootstrapper >> Method: org.springframework.test.context.support.AbstractTestContextBootstrapper.getTestExecutionListeners(AbstractTestContextBootstrapper.java:174) ]
INFO:Using TestExecutionListeners: [org.springframework.test.context.web.ServletTestExecutionListener@7ef73d69, org.springframework.test.context.support.DirtiesContextBeforeModesTestExecutionListener@19e0f99e, org.springframework.test.context.support.DependencyInjectionTestExecutionListener@1240158, org.springframework.test.context.support.DirtiesContextTestExecutionListener@62d438fd, org.springframework.test.context.transaction.TransactionalTestExecutionListener@5ae99cbb, org.springframework.test.context.jdbc.SqlScriptsTestExecutionListener@1f30e79e]
2019-03-11 09:30:12 上午 [Thread: main][ Class:org.springframework.beans.factory.xml.XmlBeanDefinitionReader >> Method: org.springframework.beans.factory.xml.XmlBeanDefinitionReader.loadBeanDefinitions(XmlBeanDefinitionReader.java:317) ]
INFO:Loading XML bean definitions from class path resource [applicationContext.xml]
2019-03-11 09:30:13 上午 [Thread: main][ Class:org.springframework.context.support.GenericApplicationContext >> Method: org.springframework.context.support.AbstractApplicationContext.prepareRefresh(AbstractApplicationContext.java:583) ]
INFO:Refreshing org.springframework.context.support.GenericApplicationContext@7fc765b: startup date [Mon Mar 11 09:30:13 CST 2019]; root of context hierarchy
2019-03-11 09:30:13 上午 [Thread: main][ Class:org.springframework.jdbc.datasource.DriverManagerDataSource >> Method: org.springframework.jdbc.datasource.DriverManagerDataSource.setDriverClassName(DriverManagerDataSource.java:133) ]
INFO:Loaded JDBC driver: com.mysql.jdbc.Driver
2019-03-11 09:30:15 上午 [Thread: Thread-0][ Class:org.springframework.context.support.GenericApplicationContext >> Method: org.springframework.context.support.AbstractApplicationContext.doClose(AbstractApplicationContext.java:984) ]
INFO:Closing org.springframework.context.support.GenericApplicationContext@7fc765b: startup date [Mon Mar 11 09:30:13 CST 2019]; root of context hierarchy
2019-03-11 09:46:22 上午 [Thread: main][ Class:org.springframework.test.context.support.DefaultTestContextBootstrapper >> Method: org.springframework.test.context.support.AbstractTestContextBootstrapper.getDefaultTestExecutionListenerClassNames(AbstractTestContextBootstrapper.java:248) ]
INFO:Loaded default TestExecutionListener class names from location [META-INF/spring.factories]: [org.springframework.test.context.web.ServletTestExecutionListener, org.springframework.test.context.support.DirtiesContextBeforeModesTestExecutionListener, org.springframework.test.context.support.DependencyInjectionTestExecutionListener, org.springframework.test.context.support.DirtiesContextTestExecutionListener, org.springframework.test.context.transaction.TransactionalTestExecutionListener, org.springframework.test.context.jdbc.SqlScriptsTestExecutionListener]
2019-03-11 09:46:22 上午 [Thread: main][ Class:org.springframework.test.context.support.DefaultTestContextBootstrapper >> Method: org.springframework.test.context.support.AbstractTestContextBootstrapper.getTestExecutionListeners(AbstractTestContextBootstrapper.java:174) ]
INFO:Using TestExecutionListeners: [org.springframework.test.context.web.ServletTestExecutionListener@7ef73d69, org.springframework.test.context.support.DirtiesContextBeforeModesTestExecutionListener@19e0f99e, org.springframework.test.context.support.DependencyInjectionTestExecutionListener@1240158, org.springframework.test.context.support.DirtiesContextTestExecutionListener@62d438fd, org.springframework.test.context.transaction.TransactionalTestExecutionListener@5ae99cbb, org.springframework.test.context.jdbc.SqlScriptsTestExecutionListener@1f30e79e]
2019-03-11 09:46:23 上午 [Thread: main][ Class:org.springframework.beans.factory.xml.XmlBeanDefinitionReader >> Method: org.springframework.beans.factory.xml.XmlBeanDefinitionReader.loadBeanDefinitions(XmlBeanDefinitionReader.java:317) ]
INFO:Loading XML bean definitions from class path resource [applicationContext.xml]
2019-03-11 09:46:23 上午 [Thread: main][ Class:org.springframework.context.support.GenericApplicationContext >> Method: org.springframework.context.support.AbstractApplicationContext.prepareRefresh(AbstractApplicationContext.java:583) ]
INFO:Refreshing org.springframework.context.support.GenericApplicationContext@7fc765b: startup date [Mon Mar 11 09:46:23 CST 2019]; root of context hierarchy
2019-03-11 09:46:24 上午 [Thread: main][ Class:org.springframework.jdbc.datasource.DriverManagerDataSource >> Method: org.springframework.jdbc.datasource.DriverManagerDataSource.setDriverClassName(DriverManagerDataSource.java:133) ]
INFO:Loaded JDBC driver: com.mysql.jdbc.Driver
2019-03-11 09:46:25 上午 [Thread: Thread-0][ Class:org.springframework.context.support.GenericApplicationContext >> Method: org.springframework.context.support.AbstractApplicationContext.doClose(AbstractApplicationContext.java:984) ]
INFO:Closing org.springframework.context.support.GenericApplicationContext@7fc765b: startup date [Mon Mar 11 09:46:23 CST 2019]; root of context hierarchy
2019-03-11 09:47:56 上午 [Thread: main][ Class:org.springframework.test.context.support.DefaultTestContextBootstrapper >> Method: org.springframework.test.context.support.AbstractTestContextBootstrapper.getDefaultTestExecutionListenerClassNames(AbstractTestContextBootstrapper.java:248) ]
INFO:Loaded default TestExecutionListener class names from location [META-INF/spring.factories]: [org.springframework.test.context.web.ServletTestExecutionListener, org.springframework.test.context.support.DirtiesContextBeforeModesTestExecutionListener, org.springframework.test.context.support.DependencyInjectionTestExecutionListener, org.springframework.test.context.support.DirtiesContextTestExecutionListener, org.springframework.test.context.transaction.TransactionalTestExecutionListener, org.springframework.test.context.jdbc.SqlScriptsTestExecutionListener]
2019-03-11 09:47:56 上午 [Thread: main][ Class:org.springframework.test.context.support.DefaultTestContextBootstrapper >> Method: org.springframework.test.context.support.AbstractTestContextBootstrapper.getTestExecutionListeners(AbstractTestContextBootstrapper.java:174) ]
INFO:Using TestExecutionListeners: [org.springframework.test.context.web.ServletTestExecutionListener@237dc815, org.springframework.test.context.support.DirtiesContextBeforeModesTestExecutionListener@16daece7, org.springframework.test.context.support.DependencyInjectionTestExecutionListener@7ef73d69, org.springframework.test.context.support.DirtiesContextTestExecutionListener@19e0f99e, org.springframework.test.context.transaction.TransactionalTestExecutionListener@1240158, org.springframework.test.context.jdbc.SqlScriptsTestExecutionListener@62d438fd]
2019-03-11 09:47:56 上午 [Thread: main][ Class:org.springframework.beans.factory.xml.XmlBeanDefinitionReader >> Method: org.springframework.beans.factory.xml.XmlBeanDefinitionReader.loadBeanDefinitions(XmlBeanDefinitionReader.java:317) ]
INFO:Loading XML bean definitions from class path resource [applicationContext.xml]
2019-03-11 09:47:56 上午 [Thread: main][ Class:org.springframework.context.support.GenericApplicationContext >> Method: org.springframework.context.support.AbstractApplicationContext.prepareRefresh(AbstractApplicationContext.java:583) ]
INFO:Refreshing org.springframework.context.support.GenericApplicationContext@7e0ef515: startup date [Mon Mar 11 09:47:56 CST 2019]; root of context hierarchy
2019-03-11 09:47:57 上午 [Thread: main][ Class:org.springframework.jdbc.datasource.DriverManagerDataSource >> Method: org.springframework.jdbc.datasource.DriverManagerDataSource.setDriverClassName(DriverManagerDataSource.java:133) ]
INFO:Loaded JDBC driver: com.mysql.jdbc.Driver
2019-03-11 09:47:58 上午 [Thread: Thread-0][ Class:org.springframework.context.support.GenericApplicationContext >> Method: org.springframework.context.support.AbstractApplicationContext.doClose(AbstractApplicationContext.java:984) ]
INFO:Closing org.springframework.context.support.GenericApplicationContext@7e0ef515: startup date [Mon Mar 11 09:47:56 CST 2019]; root of context hierarchy
